<?xml version="1.0" encoding="UTF-8"?>
<!-- Generated by org.testng.reporters.JUnitXMLReporter -->
<testsuite hostname="DESKTOP-0D7S9H3" ignored="0" name="Default test" tests="4" failures="0" timestamp="2020-08-10T09:58:45 IST" time="21.992" errors="0">
  <testcase name="setUp" time="8.513" classname="alerts.JavaScriptAlertsDemo"/>
  <testcase name="javaScript_AlertBox" time="3.106" classname="alerts.JavaScriptAlertsDemo"/>
  <testcase name="javaScript_ConfirmBox" time="6.235" classname="alerts.JavaScriptAlertsDemo"/>
  <testcase name="javaScript_PromptBox" time="4.07" classname="alerts.JavaScriptAlertsDemo"/>
</testsuite> <!-- Default test -->
