<?xml version="1.0" encoding="UTF-8"?>
<testng-results skipped="0" failed="0" ignored="0" total="4" passed="4">
  <reporter-output>
  </reporter-output>
  <suite name="Default suite" duration-ms="21992" started-at="2020-08-10T09:58:23 IST" finished-at="2020-08-10T09:58:45 IST">
    <groups>
    </groups>
    <test name="Default test" duration-ms="21992" started-at="2020-08-10T09:58:23 IST" finished-at="2020-08-10T09:58:45 IST">
      <class name="alerts.JavaScriptAlertsDemo">
        <test-method status="PASS" signature="setUp()[pri:1, instance:alerts.JavaScriptAlertsDemo@3b084709]" name="setUp" duration-ms="8513" started-at="2020-08-10T09:58:23 IST" finished-at="2020-08-10T09:58:32 IST">
          <reporter-output>
          </reporter-output>
        </test-method> <!-- setUp -->
        <test-method status="PASS" signature="javaScript_AlertBox()[pri:2, instance:alerts.JavaScriptAlertsDemo@3b084709]" name="javaScript_AlertBox" duration-ms="3106" started-at="2020-08-10T09:58:32 IST" finished-at="2020-08-10T09:58:35 IST">
          <reporter-output>
          </reporter-output>
        </test-method> <!-- javaScript_AlertBox -->
        <test-method status="PASS" signature="javaScript_ConfirmBox()[pri:3, instance:alerts.JavaScriptAlertsDemo@3b084709]" name="javaScript_ConfirmBox" duration-ms="6235" started-at="2020-08-10T09:58:35 IST" finished-at="2020-08-10T09:58:41 IST">
          <reporter-output>
          </reporter-output>
        </test-method> <!-- javaScript_ConfirmBox -->
        <test-method status="PASS" signature="javaScript_PromptBox()[pri:4, instance:alerts.JavaScriptAlertsDemo@3b084709]" name="javaScript_PromptBox" duration-ms="4070" started-at="2020-08-10T09:58:41 IST" finished-at="2020-08-10T09:58:45 IST">
          <reporter-output>
          </reporter-output>
        </test-method> <!-- javaScript_PromptBox -->
      </class> <!-- alerts.JavaScriptAlertsDemo -->
    </test> <!-- Default test -->
  </suite> <!-- Default suite -->
</testng-results>
